#
# There is insufficient memory for the Java Runtime Environment to continue.
# Native memory allocation (mmap) failed to map 266338304 bytes. Error detail: G1 virtual space
# Possible reasons:
#   The system is out of physical RAM or swap space
#   This process is running with CompressedOops enabled, and the Java Heap may be blocking the growth of the native heap
# Possible solutions:
#   Reduce memory load on the system
#   Increase physical memory or swap space
#   Check if swap backing store is full
#   Decrease Java heap size (-Xmx/-Xms)
#   Decrease number of Java threads
#   Decrease Java thread stack sizes (-Xss)
#   Set larger code cache with -XX:ReservedCodeCacheSize=
#   JVM is running with Zero Based Compressed Oops mode in which the Java heap is
#     placed in the first 32GB address space. The Java Heap base address is the
#     maximum limit for the native heap growth. Please use -XX:HeapBaseMinAddress
#     to set the Java Heap base and to place the Java Heap above 32GB virtual address.
# This output file may be truncated or incomplete.
#
#  Out of Memory Error (os_windows.cpp:3707), pid=7680, tid=10768
#
# JRE version:  (23.0.2+7) (build )
# Java VM: Java HotSpot(TM) 64-Bit Server VM (23.0.2+7-58, mixed mode, sharing, tiered, compressed oops, compressed class ptrs, g1 gc, windows-amd64)
# No core dump will be written. Minidumps are not enabled by default on client versions of Windows
#

---------------  S U M M A R Y ------------

Command Line: 

Host: Intel(R) Core(TM) i7-8665U CPU @ 1.90GHz, 8 cores, 15G,  Windows 11 , 64 bit Build 26100 (10.0.26100.5074)
Time: Mon Sep 22 14:19:52 2025 W. Central Africa Standard Time elapsed time: 2.059827 seconds (0d 0h 0m 2s)

---------------  T H R E A D  ---------------

Current thread (0x000001bde4ea0e90):  JavaThread "Unknown thread" [_thread_in_vm, id=10768, stack(0x00000055a0300000,0x00000055a0400000) (1024K)]

Stack: [0x00000055a0300000,0x00000055a0400000]
Native frames: (J=compiled Java code, j=interpreted, Vv=VM code, C=native code)
V  [jvm.dll+0x6e0b99]  (no source info available)
V  [jvm.dll+0x87e2b3]  (no source info available)
V  [jvm.dll+0x88073e]  (no source info available)
V  [jvm.dll+0x880e13]  (no source info available)
V  [jvm.dll+0x27b006]  (no source info available)
V  [jvm.dll+0x6dd485]  (no source info available)
V  [jvm.dll+0x6d127a]  (no source info available)
V  [jvm.dll+0x35b50a]  (no source info available)
V  [jvm.dll+0x363916]  (no source info available)
V  [jvm.dll+0x34fe7e]  (no source info available)
V  [jvm.dll+0x350118]  (no source info available)
V  [jvm.dll+0x328aec]  (no source info available)
V  [jvm.dll+0x32978e]  (no source info available)
V  [jvm.dll+0x8449a5]  (no source info available)
V  [jvm.dll+0x3b9a08]  (no source info available)
V  [jvm.dll+0x82d68c]  (no source info available)
V  [jvm.dll+0x454f2e]  (no source info available)
V  [jvm.dll+0x456db1]  (no source info available)
C  [jli.dll+0x52a3]  (no source info available)
C  [ucrtbase.dll+0x37b0]  (no source info available)
C  [KERNEL32.DLL+0x2e8d7]  (no source info available)
C  [ntdll.dll+0x8d9c]  (no source info available)

Lock stack of current Java thread (top to bottom):


---------------  P R O C E S S  ---------------

Threads class SMR info:
_java_thread_list=0x00007ffa46cd4618, length=0, elements={
}

Java Threads: ( => current thread )
Total: 0

Other Threads:
  0x000001bde73d31f0 WorkerThread "GC Thread#0"                     [id=8088, stack(0x00000055a0400000,0x00000055a0500000) (1024K)]
  0x000001bde73e9540 ConcurrentGCThread "G1 Main Marker"            [id=17516, stack(0x00000055a0500000,0x00000055a0600000) (1024K)]
  0x000001bde73ea050 WorkerThread "G1 Conc#0"                       [id=10988, stack(0x00000055a0600000,0x00000055a0700000) (1024K)]

[error occurred during error reporting (printing all threads), id 0xc0000005, EXCEPTION_ACCESS_VIOLATION (0xc0000005) at pc=0x00007ffa4641c0da]
VM state: not at safepoint (not fully initialized)

VM Mutex/Monitor currently owned by a thread:  ([mutex/lock_event])
[0x00007ffa46d54988] Heap_lock - owner thread: 0x000001bde4ea0e90

Heap address: 0x0000000703000000, size: 4048 MB, Compressed Oops mode: Zero based, Oop shift amount: 3

CDS archive(s) mapped at: [0x0000000000000000-0x0000000000000000-0x0000000000000000), size 0, SharedBaseAddress: 0x0000000800000000, ArchiveRelocationMode: 1.
Narrow klass base: 0x0000000000000000, Narrow klass shift: 0, Narrow klass range: 0x0

GC Precious Log:
 CardTable entry size: 512
 Card Set container configuration: InlinePtr #cards 4 size 8 Array Of Cards #cards 16 size 48 Howl #buckets 8 coarsen threshold 3686 Howl Bitmap #cards 512 size 80 coarsen threshold 460 Card regions per heap region 1 cards per card region 4096

Heap:
 garbage-first heap   total reserved 4145152K, committed 0K, used 0K [0x0000000703000000, 0x0000000800000000)
  region size 2048K, 0 young (0K), 0 survivors (0K)

[error occurred during error reporting (printing heap information), id 0xc0000005, EXCEPTION_ACCESS_VIOLATION (0xc0000005) at pc=0x00007ffa4681c6a9]
GC Heap History (0 events):
No events

Dll operation events (1 events):
Event: 0.027 Loaded shared library C:\Program Files\Java\jdk-23\bin\java.dll

Deoptimization events (0 events):
No events

Classes loaded (0 events):
No events

Classes unloaded (0 events):
No events

Classes redefined (0 events):
No events

Internal exceptions (0 events):
No events

VM Operations (0 events):
No events

Memory protections (0 events):
No events

Nmethod flushes (0 events):
No events

Events (0 events):
No events


Dynamic libraries:
0x00007ff7bb120000 - 0x00007ff7bb130000 	C:\Program Files\Java\jdk-23\bin\java.exe
0x00007ffac8340000 - 0x00007ffac85a9000 	C:\WINDOWS\SYSTEM32\ntdll.dll
0x00007ffac6470000 - 0x00007ffac6539000 	C:\WINDOWS\System32\KERNEL32.DLL
0x00007ffac54d0000 - 0x00007ffac58c3000 	C:\WINDOWS\System32\KERNELBASE.dll
0x00007ffac5ab0000 - 0x00007ffac5bfb000 	C:\WINDOWS\System32\ucrtbase.dll
0x00007ffaaa710000 - 0x00007ffaaa727000 	C:\Program Files\Java\jdk-23\bin\jli.dll
0x00007ffaaa420000 - 0x00007ffaaa43b000 	C:\Program Files\Java\jdk-23\bin\VCRUNTIME140.dll
0x00007ffac8050000 - 0x00007ffac8214000 	C:\WINDOWS\System32\USER32.dll
0x00007ffaadac0000 - 0x00007ffaadd53000 	C:\WINDOWS\WinSxS\amd64_microsoft.windows.common-controls_6595b64144ccf1df_6.0.26100.5074_none_3e0d6f78e32fd63f\COMCTL32.dll
0x00007ffac5fb0000 - 0x00007ffac5fd7000 	C:\WINDOWS\System32\win32u.dll
0x00007ffac6fe0000 - 0x00007ffac7089000 	C:\WINDOWS\System32\msvcrt.dll
0x00007ffac8020000 - 0x00007ffac804b000 	C:\WINDOWS\System32\GDI32.dll
0x00007ffac5fe0000 - 0x00007ffac610d000 	C:\WINDOWS\System32\gdi32full.dll
0x00007ffac5a00000 - 0x00007ffac5aa3000 	C:\WINDOWS\System32\msvcp_win.dll
0x00007ffac6540000 - 0x00007ffac656f000 	C:\WINDOWS\System32\IMM32.DLL
0x00007ffaac470000 - 0x00007ffaac47c000 	C:\Program Files\Java\jdk-23\bin\vcruntime140_1.dll
0x00007ffaa12b0000 - 0x00007ffaa133e000 	C:\Program Files\Java\jdk-23\bin\msvcp140.dll
0x00007ffa460e0000 - 0x00007ffa46e30000 	C:\Program Files\Java\jdk-23\bin\server\jvm.dll
0x00007ffac8240000 - 0x00007ffac82f4000 	C:\WINDOWS\System32\ADVAPI32.dll
0x00007ffac7870000 - 0x00007ffac7916000 	C:\WINDOWS\System32\sechost.dll
0x00007ffac62d0000 - 0x00007ffac63e8000 	C:\WINDOWS\System32\RPCRT4.dll
0x00007ffac6580000 - 0x00007ffac65f4000 	C:\WINDOWS\System32\WS2_32.dll
0x00007ffac5330000 - 0x00007ffac538e000 	C:\WINDOWS\SYSTEM32\POWRPROF.dll
0x00007ffaabae0000 - 0x00007ffaabb15000 	C:\WINDOWS\SYSTEM32\WINMM.dll
0x00007ffabf000000 - 0x00007ffabf00b000 	C:\WINDOWS\SYSTEM32\VERSION.dll
0x00007ffac5310000 - 0x00007ffac5324000 	C:\WINDOWS\SYSTEM32\UMPDC.dll
0x00007ffac42b0000 - 0x00007ffac42cb000 	C:\WINDOWS\SYSTEM32\kernel.appcore.dll
0x00007ffaaae90000 - 0x00007ffaaae9a000 	C:\Program Files\Java\jdk-23\bin\jimage.dll
0x00007ffaab890000 - 0x00007ffaabad2000 	C:\WINDOWS\SYSTEM32\DBGHELP.DLL
0x00007ffac7110000 - 0x00007ffac748b000 	C:\WINDOWS\System32\combase.dll
0x00007ffac7690000 - 0x00007ffac7767000 	C:\WINDOWS\System32\OLEAUT32.dll
0x00007ffaa0f70000 - 0x00007ffaa0fad000 	C:\WINDOWS\SYSTEM32\dbgcore.DLL
0x00007ffac5960000 - 0x00007ffac59f9000 	C:\WINDOWS\System32\bcryptPrimitives.dll
0x00007ffaa9b40000 - 0x00007ffaa9b5e000 	C:\Program Files\Java\jdk-23\bin\java.dll
0x00007ffac7490000 - 0x00007ffac7628000 	C:\WINDOWS\System32\ole32.dll
0x00007ffac66a0000 - 0x00007ffac6ded000 	C:\WINDOWS\System32\SHELL32.dll
0x00007ffac5e40000 - 0x00007ffac5fac000 	C:\WINDOWS\System32\wintypes.dll

dbghelp: loaded successfully - version: 4.0.5 - missing functions: none
symbol engine: initialized successfully - sym options: 0x614 - pdb path: .;C:\Program Files\Java\jdk-23\bin;C:\WINDOWS\SYSTEM32;C:\WINDOWS\WinSxS\amd64_microsoft.windows.common-controls_6595b64144ccf1df_6.0.26100.5074_none_3e0d6f78e32fd63f;C:\Program Files\Java\jdk-23\bin\server

VM Arguments:
java_command: <unknown>
java_class_path (initial): <not set>
Launcher Type: SUN_STANDARD

[Global flags]
     intx CICompilerCount                          = 4                                         {product} {ergonomic}
     uint ConcGCThreads                            = 2                                         {product} {ergonomic}
     uint G1ConcRefinementThreads                  = 8                                         {product} {ergonomic}
   size_t G1HeapRegionSize                         = 2097152                                   {product} {ergonomic}
   size_t InitialHeapSize                          = 266338304                                 {product} {ergonomic}
   size_t MarkStackSize                            = 4194304                                   {product} {ergonomic}
   size_t MarkStackSizeMax                         = 536870912                                 {product} {ergonomic}
   size_t MaxHeapSize                              = 4244635648                                {product} {ergonomic}
   size_t MinHeapDeltaBytes                        = 2097152                                   {product} {ergonomic}
   size_t MinHeapSize                              = 8388608                                   {product} {ergonomic}
    uintx NonNMethodCodeHeapSize                   = 5832704                                {pd product} {ergonomic}
    uintx NonProfiledCodeHeapSize                  = 122945536                              {pd product} {ergonomic}
    uintx ProfiledCodeHeapSize                     = 122880000                              {pd product} {ergonomic}
    uintx ReservedCodeCacheSize                    = 251658240                              {pd product} {ergonomic}
     bool SegmentedCodeCache                       = true                                      {product} {ergonomic}
   size_t SoftMaxHeapSize                          = 4244635648                             {manageable} {ergonomic}
     bool UseCompressedOops                        = true                           {product lp64_product} {ergonomic}
     bool UseG1GC                                  = true                                      {product} {ergonomic}
     bool UseLargePagesIndividualAllocation        = false                                  {pd product} {ergonomic}

Logging:
Log output configuration:
 #0: stdout all=warning uptime,level,tags foldmultilines=false
 #1: stderr all=off uptime,level,tags foldmultilines=false

Environment Variables:
PATH=C:\Users\Owner\Desktop\react_projects\TravelApp\TravelApp\node_modules\.bin;C:\Users\Owner\Desktop\react_projects\TravelApp\node_modules\.bin;C:\Users\Owner\Desktop\react_projects\node_modules\.bin;C:\Users\Owner\Desktop\node_modules\.bin;C:\Users\Owner\node_modules\.bin;C:\Users\node_modules\.bin;C:\node_modules\.bin;C:\Users\Owner\AppData\Roaming\npm\node_modules\npm\node_modules\@npmcli\run-script\lib\node-gyp-bin;C:\Program Files\Common Files\Oracle\Java\javapath;C:\Program Files\Python313\Scripts\;C:\Program Files\Python313\;C:\WINDOWS\system32;C:\WINDOWS;C:\WINDOWS\System32\Wbem;C:\WINDOWS\System32\WindowsPowerShell\v1.0\;C:\WINDOWS\System32\OpenSSH\;C:\Program Files\nodejs\;C:\Users\Owner\AppData\Local\Android\Sdk\platform-tools;C:\Program Files\Git\cmd;C:\xampp\php;C:\composer;C:\Users\Owner\AppData\Local\Programs\Python\Launcher\;C:\Users\Owner\AppData\Local\Microsoft\WindowsApps;C:\Users\Owner\AppData\Local\Programs\Microsoft VS Code\bin;C:\Users\Owner\AppData\Roaming\npm;C:\Users\Owner\AppData\Local\GitHubDesktop\bin;C:\Users\Owner\AppData\Roaming\Composer\vendor\bin
USERNAME=Owner
LANG=en_US.UTF-8
OS=Windows_NT
PROCESSOR_IDENTIFIER=Intel64 Family 6 Model 142 Stepping 12, GenuineIntel
TMP=C:\Users\Owner\AppData\Local\Temp
TEMP=C:\Users\Owner\AppData\Local\Temp




Periodic native trim disabled

---------------  S Y S T E M  ---------------

OS:
 Windows 11 , 64 bit Build 26100 (10.0.26100.5074)
OS uptime: 0 days 5:07 hours

CPU: total 8 (initial active 8) (4 cores per cpu, 2 threads per core) family 6 model 142 stepping 12 microcode 0xfa, cx8, cmov, fxsr, ht, mmx, 3dnowpref, sse, sse2, sse3, ssse3, sse4.1, sse4.2, popcnt, lzcnt, tsc, tscinvbit, avx, avx2, aes, erms, clmul, bmi1, bmi2, adx, fma, vzeroupper, clflush, clflushopt, rdtscp, f16c
Processor Information for the first 8 processors :
  Max Mhz: 2112, Current Mhz: 1910, Mhz Limit: 1900

Memory: 4k page, system-wide physical 16190M (3608M free)
TotalPageFile size 46577M (AvailPageFile size 48M)
current process WorkingSet (physical memory assigned to process): 13M, peak: 13M
current process commit charge ("private bytes"): 61M, peak: 314M

vm_info: Java HotSpot(TM) 64-Bit Server VM (23.0.2+7-58) for windows-amd64 JRE (23.0.2+7-58), built on 2024-11-29T09:34:55Z with MS VC++ 17.6 (VS2022)

END.
